<?xml version="1.0" encoding="UTF-8"?>
<testsuite name="UnitTest" tests="5" skipped="0" failures="0" errors="0" timestamp="2024-09-10T04:57:37" hostname="VALERCHIK" time="0.045">
  <properties/>
  <testcase name="TestSame()" classname="UnitTest" time="0.035"/>
  <testcase name="TestTwoElem()" classname="UnitTest" time="0.001"/>
  <testcase name="TestClass()" classname="UnitTest" time="0.001"/>
  <testcase name="TestEMPTY()" classname="UnitTest" time="0.001"/>
  <testcase name="TestRandomARRAY()" classname="UnitTest" time="0.001"/>
  <system-out><![CDATA[]]></system-out>
  <system-err><![CDATA[]]></system-err>
</testsuite>
