<?xml version="1.0" encoding="UTF-8"?>
<testsuite name="UnitTest" tests="6" skipped="0" failures="0" errors="0" timestamp="2024-10-08T06:24:12" hostname="VALERCHIK" time="4.578">
  <properties/>
  <testcase name="TestSame()" classname="UnitTest" time="0.036"/>
  <testcase name="TestBigCountElems()" classname="UnitTest" time="4.496"/>
  <testcase name="TestOneElem()" classname="UnitTest" time="0.001"/>
  <testcase name="TestEMPTY()" classname="UnitTest" time="0.001"/>
  <testcase name="TestNotSoBigCountElems()" classname="UnitTest" time="0.004"/>
  <testcase name="TestBiggerCountElems()" classname="UnitTest" time="0.03"/>
  <system-out><![CDATA[]]></system-out>
  <system-err><![CDATA[]]></system-err>
</testsuite>
