<?xml version="1.0" encoding="UTF-8"?>
<testsuite name="UnitTest" tests="6" skipped="0" failures="0" errors="0" timestamp="2024-09-16T08:38:36" hostname="VALERCHIK" time="3.405">
  <properties/>
  <testcase name="TestSame()" classname="UnitTest" time="0.037"/>
  <testcase name="TestBigCountElems()" classname="UnitTest" time="3.332"/>
  <testcase name="TestOneElem()" classname="UnitTest" time="0.0"/>
  <testcase name="TestEMPTY()" classname="UnitTest" time="0.001"/>
  <testcase name="TestNotSoBigCountElems()" classname="UnitTest" time="0.004"/>
  <testcase name="TestBiggerCountElems()" classname="UnitTest" time="0.025"/>
  <system-out><![CDATA[]]></system-out>
  <system-err><![CDATA[]]></system-err>
</testsuite>
