<?xml version="1.0" encoding="UTF-8"?>
<testsuite name="UnitTest" tests="6" skipped="0" failures="0" errors="0" timestamp="2024-09-16T08:02:49" hostname="VALERCHIK" time="3.323">
  <properties/>
  <testcase name="TestSame()" classname="UnitTest" time="0.026"/>
  <testcase name="TestBigCountElems()" classname="UnitTest" time="3.267"/>
  <testcase name="TestOneElem()" classname="UnitTest" time="0.001"/>
  <testcase name="TestEMPTY()" classname="UnitTest" time="0.0"/>
  <testcase name="TestNotSoBigCountElems()" classname="UnitTest" time="0.004"/>
  <testcase name="TestBiggerCountElems()" classname="UnitTest" time="0.019"/>
  <system-out><![CDATA[]]></system-out>
  <system-err><![CDATA[]]></system-err>
</testsuite>
